Построение начато 22.10.2013 2:38:37.
     1>Проект "D:\Ucheba\Programming\HomeTask_7\Task_2vs\2\2\2.vcxproj" в узле 2 (целевые объекты build).
     1>InitializeBuildStatus:
         Обращение к "Debug\2.unsuccessfulbuild".
       ClCompile:
         C:\Program Files (x86)\Microsoft Visual Studio 10.0\VC\bin\CL.exe /c /ZI /nologo /W3 /WX- /Od /Oy- /D WIN32 /D _DEBUG /D _CONSOLE /D _UNICODE /D UNICODE /Gm /EHsc /RTC1 /MDd /GS /fp:precise /Zc:wchar_t /Zc:forScope /Fo"Debug\\" /Fd"Debug\vc100.pdb" /Gd /TP /analyze- /errorReport:prompt ..\..\maxstring.cpp
         maxstring.cpp
       ManifestResourceCompile:
         Для всех выходных данных обновления не требуется.
       Link:
         C:\Program Files (x86)\Microsoft Visual Studio 10.0\VC\bin\link.exe /ERRORREPORT:PROMPT /OUT:"D:\Ucheba\Programming\HomeTask_7\Task_2vs\2\Debug\2.exe" /INCREMENTAL /NOLOGO kernel32.lib user32.lib gdi32.lib winspool.lib comdlg32.lib advapi32.lib shell32.lib ole32.lib oleaut32.lib uuid.lib odbc32.lib odbccp32.lib /MANIFEST /ManifestFile:"Debug\2.exe.intermediate.manifest" /MANIFESTUAC:"level='asInvoker' uiAccess='false'" /DEBUG /PDB:"D:\Ucheba\Programming\HomeTask_7\Task_2vs\2\Debug\2.pdb" /SUBSYSTEM:CONSOLE /TLBID:1 /DYNAMICBASE /NXCOMPAT /IMPLIB:"D:\Ucheba\Programming\HomeTask_7\Task_2vs\2\Debug\2.lib" /MACHINE:X86 Debug\2.exe.embed.manifest.res
         Debug\main.obj
         Debug\maxstring.obj
       Manifest:
         C:\Program Files (x86)\Microsoft SDKs\Windows\v7.0A\bin\mt.exe /nologo /verbose /out:"Debug\2.exe.embed.manifest" /manifest Debug\2.exe.intermediate.manifest
         Для всех выходных данных обновления не требуется.
       LinkEmbedManifest:
         Для всех выходных данных обновления не требуется.
         2.vcxproj -> D:\Ucheba\Programming\HomeTask_7\Task_2vs\2\Debug\2.exe
       FinalizeBuildStatus:
         Файл "Debug\2.unsuccessfulbuild" удаляется.
         Обращение к "Debug\2.lastbuildstate".
     1>Построение проекта "D:\Ucheba\Programming\HomeTask_7\Task_2vs\2\2\2.vcxproj" завершено (целевые объекты build).

Построение успешно завершено.

Затраченное время: 00:00:00.36
